  Main.cpp
D:\VisualStudioCommunity\VC\Tools\MSVC\14.36.32532\include\filesystem(13): warning STL4038: The contents of <filesystem> are available only with C++17 or later.
D:\домашка\Плюсы программы\Курсовая_1\HashTable.h(49,29): warning C4267: +=: преобразование из "size_t" в "int"; возможна потеря данных
D:\домашка\Плюсы программы\Курсовая_1\Main.h(1662,82): warning C4129: -: неизвестная escape-последовательность
D:\домашка\Плюсы программы\Курсовая_1\Main.h(1931,87): warning C4129: -: неизвестная escape-последовательность
D:\домашка\Плюсы программы\Курсовая_1\Main.h(2243,82): warning C4129: .: неизвестная escape-последовательность
D:\домашка\Плюсы программы\Курсовая_1\Main.h(1534,11): warning C4267: инициализация: преобразование из "size_t" в "int"; возможна потеря данных
D:\домашка\Плюсы программы\Курсовая_1\Main.h(1587,20): warning C4244: инициализация: преобразование "wchar_t" в "unsigned char", возможна потеря данных
D:\домашка\Плюсы программы\Курсовая_1\Main.h(1610,13): warning C4244: инициализация: преобразование "wchar_t" в "char", возможна потеря данных
D:\домашка\Плюсы программы\Курсовая_1\Main.h(1611,13): warning C4244: инициализация: преобразование "wchar_t" в "char", возможна потеря данных
D:\домашка\Плюсы программы\Курсовая_1\Main.h(1628,13): warning C4244: инициализация: преобразование "wchar_t" в "char", возможна потеря данных
D:\домашка\Плюсы программы\Курсовая_1\Main.h(1792,12): warning C4267: инициализация: преобразование из "size_t" в "int"; возможна потеря данных
D:\домашка\Плюсы программы\Курсовая_1\Main.h(1846,74): warning C4267: аргумент: преобразование из "size_t" в "int"; возможна потеря данных
D:\домашка\Плюсы программы\Курсовая_1\Main.h(1847,74): warning C4267: аргумент: преобразование из "size_t" в "int"; возможна потеря данных
D:\домашка\Плюсы программы\Курсовая_1\Main.h(1848,74): warning C4267: аргумент: преобразование из "size_t" в "int"; возможна потеря данных
D:\домашка\Плюсы программы\Курсовая_1\Main.h(1821,7): warning C4101: pos: неиспользованная локальная переменная
D:\домашка\Плюсы программы\Курсовая_1\Main.h(2049,11): warning C4267: инициализация: преобразование из "size_t" в "int"; возможна потеря данных
D:\домашка\Плюсы программы\Курсовая_1\Main.h(2112,11): warning C4267: инициализация: преобразование из "size_t" в "int"; возможна потеря данных
D:\домашка\Плюсы программы\Курсовая_1\Main.h(2114,28): warning C4267: =: преобразование из "size_t" в "int"; возможна потеря данных
D:\домашка\Плюсы программы\Курсовая_1\Main.h(2115,33): warning C4267: =: преобразование из "size_t" в "int"; возможна потеря данных
D:\домашка\Плюсы программы\Курсовая_1\Main.h(2305,91): warning C4267: аргумент: преобразование из "size_t" в "int"; возможна потеря данных
D:\домашка\Плюсы программы\Курсовая_1\Main.h(2306,76): warning C4267: аргумент: преобразование из "size_t" в "int"; возможна потеря данных
D:\домашка\Плюсы программы\Курсовая_1\Main.h(2307,76): warning C4267: аргумент: преобразование из "size_t" в "int"; возможна потеря данных
D:\домашка\Плюсы программы\Курсовая_1\Main.h(2373,20): warning C4244: инициализация: преобразование "wchar_t" в "unsigned char", возможна потеря данных
D:\домашка\Плюсы программы\Курсовая_1\Main.h(2414,13): warning C4244: инициализация: преобразование "wchar_t" в "char", возможна потеря данных
D:\домашка\Плюсы программы\Курсовая_1\Main.h(2415,13): warning C4244: инициализация: преобразование "wchar_t" в "char", возможна потеря данных
D:\домашка\Плюсы программы\Курсовая_1\Main.h(2433,14): warning C4244: инициализация: преобразование "wchar_t" в "char", возможна потеря данных
D:\домашка\Плюсы программы\Курсовая_1\Main.h(2603,11): warning C4267: инициализация: преобразование из "size_t" в "int"; возможна потеря данных
D:\домашка\Плюсы программы\Курсовая_1\Main.h(2651,83): warning C4267: аргумент: преобразование из "size_t" в "int"; возможна потеря данных
D:\домашка\Плюсы программы\Курсовая_1\Main.h(2652,170): warning C4267: аргумент: преобразование из "size_t" в "int"; возможна потеря данных
D:\домашка\Плюсы программы\Курсовая_1\Main.h(2653,78): warning C4267: аргумент: преобразование из "size_t" в "int"; возможна потеря данных
D:\домашка\Плюсы программы\Курсовая_1\Main.h(2654,81): warning C4267: аргумент: преобразование из "size_t" в "int"; возможна потеря данных
D:\домашка\Плюсы программы\Курсовая_1\Main.h(2672,59): warning C4390: ";": обнаружен пустой контролируемый оператор; это правильно?
D:\домашка\Плюсы программы\Курсовая_1\Main.h(2879,13): warning C4267: инициализация: преобразование из "size_t" в "int"; возможна потеря данных
D:\домашка\Плюсы программы\Курсовая_1\HashTable.h(257): warning C4715: HashTable::search: значение возвращается не при всех путях выполнения
D:\домашка\Плюсы программы\Курсовая_1\HashTableD.cpp(37): warning C4715: Denis::GetMaxPrime: значение возвращается не при всех путях выполнения
  Main.obj : обнаружен модуль MSIL; для MSIL последовательная компоновка отключена; выполняется полная компоновка
  Курсовая_1.vcxproj -> D:\домашка\Плюсы программы\Курсовая_1\x64\Debug\Курсовая_1.exe
